0 info it worked if it ends with ok
1 verbose cli [ 'C:\\Program Files (x86)\\nodejs\\node.exe',
1 verbose cli   'C:\\Users\\Administrator\\AppData\\Roaming\\npm\\node_modules\\npm\\bin\\npm-cli.js',
1 verbose cli   'run',
1 verbose cli   'dev' ]
2 info using npm@3.10.5
3 info using node@v10.16.0
4 verbose run-script [ 'predev', 'dev', 'postdev' ]
5 info lifecycle @1.0.0~predev: @1.0.0
6 silly lifecycle @1.0.0~predev: no script for predev, continuing
7 info lifecycle @1.0.0~dev: @1.0.0
8 verbose lifecycle @1.0.0~dev: unsafe-perm in lifecycle true
9 verbose lifecycle @1.0.0~dev: PATH: C:\Users\Administrator\AppData\Roaming\npm\node_modules\npm\bin\node-gyp-bin;D:\workRoom\github-project\hand-webpack-vue\node_modules\.bin;C:\Program Files (x86)\nodejs;D:\mysoft\python\Lib\site-packages\Django-2.2.7-py3.7.egg;C:\windows\system32;C:\windows;C:\windows\System32\Wbem;C:\windows\System32\WindowsPowerShell\v1.0\;C:\windows\System32\OpenSSH\;C:\Program Files (x86)\NVIDIA Corporation\PhysX\Common;D:\mysoft\SVN\bin;D:\mysoft\yarn\bin\;D:\mysoft\Git\cmd;D:\mysoft\db\oracel\instantclient_18_5\vc14;D:\mysoft\db\oracel\instantclient_18_5;D:\mysoft\Notepad++;D:\mogodb\MongoDB\Server\4.0\bin;D:\mysoft\redis;C:\Program Files (x86)\nodejs\;D:\mysoft\python\Scripts;D:\mysoft\mysql-8.0.17-winx64\bin;C:\Users\Administrator\AppData\Local\Programs\Python\Python37\Scripts\;C:\Users\Administrator\AppData\Local\Programs\Python\Python37\;D:\mysoft\python\Scripts\;D:\mysoft\python\;C:\Program Files\MySQL\MySQL Shell 8.0\bin\;D:\mysoft\Microsoft VS Code\bin;C:\Users\Administrator\AppData\Roaming\npm;D:\mysoft\PyCharm 2019.2\bin;C:\Users\Administrator\AppData\Local\GitHubDesktop\bin
10 verbose lifecycle @1.0.0~dev: CWD: D:\workRoom\github-project\hand-webpack-vue
11 silly lifecycle @1.0.0~dev: Args: [ '/d /s /c',
11 silly lifecycle   'webpack-dev-server --config ./config/webpack.dev.conf.js' ]
12 silly lifecycle @1.0.0~dev: Returned: code: 3221225786  signal: null
13 info lifecycle @1.0.0~dev: Failed to exec dev script
14 verbose stack Error: @1.0.0 dev: `webpack-dev-server --config ./config/webpack.dev.conf.js`
14 verbose stack Exit status 3221225786
14 verbose stack     at EventEmitter.<anonymous> (C:\Users\Administrator\AppData\Roaming\npm\node_modules\npm\lib\utils\lifecycle.js:242:16)
14 verbose stack     at EventEmitter.emit (events.js:198:13)
14 verbose stack     at ChildProcess.<anonymous> (C:\Users\Administrator\AppData\Roaming\npm\node_modules\npm\lib\utils\spawn.js:40:14)
14 verbose stack     at ChildProcess.emit (events.js:198:13)
14 verbose stack     at maybeClose (internal/child_process.js:982:16)
14 verbose stack     at Process.ChildProcess._handle.onexit (internal/child_process.js:259:5)
15 verbose pkgid @1.0.0
16 verbose cwd D:\workRoom\github-project\hand-webpack-vue
17 error Windows_NT 10.0.17763
18 error argv "C:\\Program Files (x86)\\nodejs\\node.exe" "C:\\Users\\Administrator\\AppData\\Roaming\\npm\\node_modules\\npm\\bin\\npm-cli.js" "run" "dev"
19 error node v10.16.0
20 error npm  v3.10.5
21 error code ELIFECYCLE
22 error @1.0.0 dev: `webpack-dev-server --config ./config/webpack.dev.conf.js`
22 error Exit status 3221225786
23 error Failed at the @1.0.0 dev script 'webpack-dev-server --config ./config/webpack.dev.conf.js'.
23 error Make sure you have the latest version of node.js and npm installed.
23 error If you do, this is most likely a problem with the  package,
23 error not with npm itself.
23 error Tell the author that this fails on your system:
23 error     webpack-dev-server --config ./config/webpack.dev.conf.js
23 error You can get information on how to open an issue for this project with:
23 error     npm bugs
23 error Or if that isn't available, you can get their info via:
23 error     npm owner ls
23 error There is likely additional logging output above.
24 verbose exit [ 1, true ]
